<?xml version="1.0" encoding="UTF-8"?>
<!-- Generated by org.testng.reporters.JUnitReportReporter -->
<testsuite skipped="0" hostname="bharadwajs-MacBook-Pro.local" name="scripts.Property123" tests="1" failures="0" timestamp="2020-11-01T23:53:21 IST" time="0.009" errors="0">
  <testcase name="testProperty" time="0.009" classname="scripts.Property123"/>
  <system-out/>
</testsuite> <!-- scripts.Property123 -->
